Flutter crash report.
Please report a bug at https://github.com/flutter/flutter/issues.

## command

flutter --no-color pub get

## exception

NoSuchMethodError: NoSuchMethodError: The method 'containsKey' was called on null.
Receiver: null
Tried calling: containsKey("default_package")

```
#0      Object.noSuchMethod (dart:core-patch/object_patch.dart:54:5)
#1      Plugin._providesImplementationForPlatform (package:flutter_tools/src/plugins.dart:302:49)
#2      new Plugin._fromMultiPlatformYaml (package:flutter_tools/src/plugins.dart:130:9)
#3      new Plugin.fromYaml (package:flutter_tools/src/plugins.dart:85:21)
#4      _pluginFromPackage (package:flutter_tools/src/plugins.dart:341:17)
#5      findPlugins (package:flutter_tools/src/plugins.dart:363:27)
<asynchronous suspension>
#6      refreshPluginsList (package:flutter_tools/src/plugins.dart:1166:32)
<asynchronous suspension>
#7      FlutterProject.ensureReadyForPlatformSpecificTooling (package:flutter_tools/src/project.dart:300:5)
<asynchronous suspension>
#8      PackagesGetCommand.runCommand (package:flutter_tools/src/commands/packages.dart:173:7)
<asynchronous suspension>
#9      FlutterCommand.run.<anonymous closure> (package:flutter_tools/src/runner/flutter_command.dart:1043:27)
<asynchronous suspension>
#10     AppContext.run.<anonymous closure> (package:flutter_tools/src/base/context.dart:150:19)
<asynchronous suspension>
#11     CommandRunner.runCommand (package:args/command_runner.dart:196:13)
<asynchronous suspension>
#12     FlutterCommandRunner.runCommand.<anonymous closure> (package:flutter_tools/src/runner/flutter_command_runner.dart:284:9)
<asynchronous suspension>
#13     AppContext.run.<anonymous closure> (package:flutter_tools/src/base/context.dart:150:19)
<asynchronous suspension>
#14     FlutterCommandRunner.runCommand (package:flutter_tools/src/runner/flutter_command_runner.dart:232:5)
<asynchronous suspension>
#15     run.<anonymous closure>.<anonymous closure> (package:flutter_tools/runner.dart:62:9)
<asynchronous suspension>
#16     AppContext.run.<anonymous closure> (package:flutter_tools/src/base/context.dart:150:19)
<asynchronous suspension>
#17     main (package:flutter_tools/executable.dart:91:3)
<asynchronous suspension>
```

## flutter doctor

```
[✓] Flutter (Channel stable, 2.2.3, on macOS 11.0.1 20B50 darwin-x64, locale en)
    • Flutter version 2.2.3 at /Users/gen/Programs/flutter
    • Framework revision f4abaa0735 (7 weeks ago), 2021-07-01 12:46:11 -0700
    • Engine revision 241c87ad80
    • Dart version 2.13.4

[✓] Android toolchain - develop for Android devices (Android SDK version 30.0.3)
    • Android SDK at /Users/gen/Library/Android/sdk
    • Platform android-30, build-tools 30.0.3
    • Java binary at: /Applications/Android Studio.app/Contents/jre/jdk/Contents/Home/bin/java
    • Java version OpenJDK Runtime Environment (build 1.8.0_242-release-1644-b3-6915495)
    • All Android licenses accepted.

[✓] Xcode - develop for iOS and macOS
    • Xcode at /Applications/Xcode.app/Contents/Developer
    • Xcode 12.2, Build version 12B45b
    • CocoaPods version 1.10.2

[✓] Chrome - develop for the web
    • Chrome at /Applications/Google Chrome.app/Contents/MacOS/Google Chrome

[✓] Android Studio (version 4.1)
    • Android Studio at /Applications/Android Studio.app/Contents
    • Flutter plugin can be installed from:
      🔨 https://plugins.jetbrains.com/plugin/9212-flutter
    • Dart plugin can be installed from:
      🔨 https://plugins.jetbrains.com/plugin/6351-dart
    • Java version OpenJDK Runtime Environment (build 1.8.0_242-release-1644-b3-6915495)

[✓] VS Code (version 1.59.1)
    • VS Code at /Applications/Visual Studio Code.app/Contents
    • Flutter extension version 3.25.0

[✓] Connected device (4 available)
    • SM G973F (mobile) • RF8M21BVRXT                              • android-arm64  • Android 9 (API 28)
    • 自动打桩机 (mobile)    • b322c9150e8b7652064eb8062c86292b5470c5b4 • ios            • iOS 13.7
    • macOS (desktop)   • macos                                    • darwin-x64     • macOS 11.0.1 20B50 darwin-x64
    • Chrome (web)      • chrome                                   • web-javascript • Google Chrome 92.0.4515.159

• No issues found!
```
